#! /usr/local/iverilog/bin/vvp
:ivl_version "11.0 (devel)";
:ivl_delay_selection "TYPICAL";
:vpi_time_precision + 0;
:vpi_module "E:\iverilog\lib\ivl\system.vpi";
:vpi_module "E:\iverilog\lib\ivl\vhdl_sys.vpi";
:vpi_module "E:\iverilog\lib\ivl\vhdl_textio.vpi";
:vpi_module "E:\iverilog\lib\ivl\v2005_math.vpi";
:vpi_module "E:\iverilog\lib\ivl\va_math.vpi";
S_0000000001106850 .scope module, "flow_led" "flow_led" 2 1;
 .timescale 0 0;
    .port_info 0 /INPUT 1 "sys_clk";
    .port_info 1 /INPUT 1 "sys_rst_n";
    .port_info 2 /OUTPUT 4 "led";
v000000000110ee60_0 .var "counter", 23 0;
v000000000110ef00_0 .var "led", 3 0;
o0000000001027038 .functor BUFZ 1, C4<z>; HiZ drive
v00000000011069e0_0 .net "sys_clk", 0 0, o0000000001027038;  0 drivers
o0000000001027068 .functor BUFZ 1, C4<z>; HiZ drive
v0000000001106a80_0 .net "sys_rst_n", 0 0, o0000000001027068;  0 drivers
E_000000000110c5f0/0 .event negedge, v0000000001106a80_0;
E_000000000110c5f0/1 .event posedge, v00000000011069e0_0;
E_000000000110c5f0 .event/or E_000000000110c5f0/0, E_000000000110c5f0/1;
    .scope S_0000000001106850;
T_0 ;
    %wait E_000000000110c5f0;
    %load/vec4 v0000000001106a80_0;
    %nor/r;
    %flag_set/vec4 8;
    %jmp/0xz  T_0.0, 8;
    %pushi/vec4 0, 0, 24;
    %assign/vec4 v000000000110ee60_0, 0;
    %jmp T_0.1;
T_0.0 ;
    %load/vec4 v000000000110ee60_0;
    %cmpi/u 10000000, 0, 24;
    %jmp/0xz  T_0.2, 5;
    %load/vec4 v000000000110ee60_0;
    %addi 1, 0, 24;
    %assign/vec4 v000000000110ee60_0, 0;
    %jmp T_0.3;
T_0.2 ;
    %pushi/vec4 0, 0, 24;
    %assign/vec4 v000000000110ee60_0, 0;
T_0.3 ;
T_0.1 ;
    %jmp T_0;
    .thread T_0;
    .scope S_0000000001106850;
T_1 ;
    %wait E_000000000110c5f0;
    %load/vec4 v0000000001106a80_0;
    %nor/r;
    %flag_set/vec4 8;
    %jmp/0xz  T_1.0, 8;
    %pushi/vec4 1, 0, 4;
    %assign/vec4 v000000000110ef00_0, 0;
    %jmp T_1.1;
T_1.0 ;
    %load/vec4 v000000000110ee60_0;
    %cmpi/e 10000000, 0, 24;
    %jmp/0xz  T_1.2, 4;
    %load/vec4 v000000000110ef00_0;
    %parti/s 3, 0, 2;
    %load/vec4 v000000000110ef00_0;
    %parti/s 1, 3, 3;
    %concat/vec4; draw_concat_vec4
    %assign/vec4 v000000000110ef00_0, 0;
    %jmp T_1.3;
T_1.2 ;
    %load/vec4 v000000000110ef00_0;
    %assign/vec4 v000000000110ef00_0, 0;
T_1.3 ;
T_1.1 ;
    %jmp T_1;
    .thread T_1;
# The file index is used to find the file name in the following table.
:file_names 3;
    "N/A";
    "<interactive>";
    "flow_led.v";
